2026-05-04T18:02:37.803+05:00  INFO 5756 --- [secure-note] [restartedMain] o.e.securenote.SecureNoteApplication     : Starting SecureNoteApplication using Java 17.0.17 with PID 5756 (C:\Users\ivaik\OneDrive\Desktop\SecureWebSystemJava\secure-note\target\classes started by ivaik in C:\Users\ivaik\OneDrive\Desktop\SecureWebSystemJava\secure-note)
2026-05-04T18:02:37.808+05:00  INFO 5756 --- [secure-note] [restartedMain] o.e.securenote.SecureNoteApplication     : No active profile set, falling back to 1 default profile: "default"
2026-05-04T18:02:37.915+05:00  INFO 5756 --- [secure-note] [restartedMain] .e.DevToolsPropertyDefaultsPostProcessor : Devtools property defaults active! Set 'spring.devtools.add-properties' to 'false' to disable
2026-05-04T18:02:37.917+05:00  INFO 5756 --- [secure-note] [restartedMain] .e.DevToolsPropertyDefaultsPostProcessor : For additional web related logging consider setting the 'logging.level.web' property to 'DEBUG'
2026-05-04T18:02:39.134+05:00  INFO 5756 --- [secure-note] [restartedMain] o.s.boot.tomcat.TomcatWebServer          : Tomcat initialized with port 8080 (http)
2026-05-04T18:02:39.146+05:00  INFO 5756 --- [secure-note] [restartedMain] o.apache.catalina.core.StandardService   : Starting service [Tomcat]
2026-05-04T18:02:39.147+05:00  INFO 5756 --- [secure-note] [restartedMain] o.apache.catalina.core.StandardEngine    : Starting Servlet engine: [Apache Tomcat/11.0.21]
2026-05-04T18:02:39.188+05:00  INFO 5756 --- [secure-note] [restartedMain] b.w.c.s.WebApplicationContextInitializer : Root WebApplicationContext: initialization completed in 1268 ms
2026-05-04T18:02:39.571+05:00  INFO 5756 --- [secure-note] [restartedMain] o.s.boot.tomcat.TomcatWebServer          : Tomcat started on port 8080 (http) with context path '/'
2026-05-04T18:02:39.576+05:00  INFO 5756 --- [secure-note] [restartedMain] o.e.securenote.SecureNoteApplication     : Started SecureNoteApplication in 2.95 seconds (process running for 4.846)
2026-05-04T18:03:40.145+05:00  INFO 5756 --- [secure-note] [File Watcher] rtingClassPathChangeChangedEventListener : Restarting due to 6 class path changes (0 additions, 5 deletions, 1 modification)
2026-05-04T18:03:40.153+05:00  INFO 5756 --- [secure-note] [Thread-1] o.s.boot.tomcat.GracefulShutdown         : Commencing graceful shutdown. Waiting for active requests to complete
2026-05-04T18:03:40.208+05:00  INFO 5756 --- [secure-note] [tomcat-shutdown] o.s.boot.tomcat.GracefulShutdown         : Graceful shutdown complete
2026-05-04T18:03:40.289+05:00  INFO 5756 --- [secure-note] [restartedMain] o.e.securenote.SecureNoteApplication     : Starting SecureNoteApplication using Java 17.0.17 with PID 5756 (C:\Users\ivaik\OneDrive\Desktop\SecureWebSystemJava\secure-note\target\classes started by ivaik in C:\Users\ivaik\OneDrive\Desktop\SecureWebSystemJava\secure-note)
2026-05-04T18:03:40.289+05:00  INFO 5756 --- [secure-note] [restartedMain] o.e.securenote.SecureNoteApplication     : No active profile set, falling back to 1 default profile: "default"
2026-05-04T18:03:40.466+05:00  INFO 5756 --- [secure-note] [restartedMain] o.s.boot.tomcat.TomcatWebServer          : Tomcat initialized with port 8080 (http)
2026-05-04T18:03:40.467+05:00  INFO 5756 --- [secure-note] [restartedMain] o.apache.catalina.core.StandardService   : Starting service [Tomcat]
2026-05-04T18:03:40.467+05:00  INFO 5756 --- [secure-note] [restartedMain] o.apache.catalina.core.StandardEngine    : Starting Servlet engine: [Apache Tomcat/11.0.21]
2026-05-04T18:03:40.482+05:00  INFO 5756 --- [secure-note] [restartedMain] b.w.c.s.WebApplicationContextInitializer : Root WebApplicationContext: initialization completed in 190 ms
2026-05-04T18:03:40.533+05:00  INFO 5756 --- [secure-note] [restartedMain] o.s.boot.tomcat.TomcatWebServer          : Tomcat started on port 8080 (http) with context path '/'
2026-05-04T18:03:40.534+05:00  INFO 5756 --- [secure-note] [restartedMain] o.e.securenote.SecureNoteApplication     : Started SecureNoteApplication in 0.284 seconds (process running for 65.804)
2026-05-04T18:03:40.536+05:00  INFO 5756 --- [secure-note] [restartedMain] .ConditionEvaluationDeltaLoggingListener : Condition evaluation unchanged
2026-05-04T18:03:42.994+05:00  INFO 5756 --- [secure-note] [File Watcher] rtingClassPathChangeChangedEventListener : Restarting due to 5 class path changes (5 additions, 0 deletions, 0 modifications)
2026-05-04T18:03:42.995+05:00  INFO 5756 --- [secure-note] [Thread-5] o.s.boot.tomcat.GracefulShutdown         : Commencing graceful shutdown. Waiting for active requests to complete
2026-05-04T18:03:43.047+05:00  INFO 5756 --- [secure-note] [tomcat-shutdown] o.s.boot.tomcat.GracefulShutdown         : Graceful shutdown complete
2026-05-04T18:03:43.127+05:00  INFO 5756 --- [secure-note] [restartedMain] o.e.securenote.SecureNoteApplication     : Starting SecureNoteApplication using Java 17.0.17 with PID 5756 (C:\Users\ivaik\OneDrive\Desktop\SecureWebSystemJava\secure-note\target\classes started by ivaik in C:\Users\ivaik\OneDrive\Desktop\SecureWebSystemJava\secure-note)
2026-05-04T18:03:43.127+05:00  INFO 5756 --- [secure-note] [restartedMain] o.e.securenote.SecureNoteApplication     : No active profile set, falling back to 1 default profile: "default"
2026-05-04T18:03:43.310+05:00  INFO 5756 --- [secure-note] [restartedMain] o.s.boot.tomcat.TomcatWebServer          : Tomcat initialized with port 8080 (http)
2026-05-04T18:03:43.312+05:00  INFO 5756 --- [secure-note] [restartedMain] o.apache.catalina.core.StandardService   : Starting service [Tomcat]
2026-05-04T18:03:43.313+05:00  INFO 5756 --- [secure-note] [restartedMain] o.apache.catalina.core.StandardEngine    : Starting Servlet engine: [Apache Tomcat/11.0.21]
2026-05-04T18:03:43.330+05:00  INFO 5756 --- [secure-note] [restartedMain] b.w.c.s.WebApplicationContextInitializer : Root WebApplicationContext: initialization completed in 200 ms
2026-05-04T18:03:43.415+05:00  INFO 5756 --- [secure-note] [restartedMain] o.s.boot.tomcat.TomcatWebServer          : Tomcat started on port 8080 (http) with context path '/'
2026-05-04T18:03:43.417+05:00  INFO 5756 --- [secure-note] [restartedMain] o.e.securenote.SecureNoteApplication     : Started SecureNoteApplication in 0.328 seconds (process running for 68.688)
2026-05-04T18:03:43.418+05:00  INFO 5756 --- [secure-note] [restartedMain] .ConditionEvaluationDeltaLoggingListener : Condition evaluation unchanged
2026-05-04T18:11:09.530+05:00  INFO 5756 --- [secure-note] [File Watcher] rtingClassPathChangeChangedEventListener : Restarting due to 6 class path changes (0 additions, 5 deletions, 1 modification)
2026-05-04T18:11:09.654+05:00  INFO 5756 --- [secure-note] [Thread-9] o.s.boot.tomcat.GracefulShutdown         : Commencing graceful shutdown. Waiting for active requests to complete
2026-05-04T18:11:09.738+05:00  INFO 5756 --- [secure-note] [tomcat-shutdown] o.s.boot.tomcat.GracefulShutdown         : Graceful shutdown complete
2026-05-04T18:11:10.206+05:00  INFO 5756 --- [secure-note] [restartedMain] o.e.securenote.SecureNoteApplication     : Starting SecureNoteApplication using Java 17.0.17 with PID 5756 (C:\Users\ivaik\OneDrive\Desktop\SecureWebSystemJava\secure-note\target\classes started by ivaik in C:\Users\ivaik\OneDrive\Desktop\SecureWebSystemJava\secure-note)
2026-05-04T18:11:10.207+05:00  INFO 5756 --- [secure-note] [restartedMain] o.e.securenote.SecureNoteApplication     : No active profile set, falling back to 1 default profile: "default"
2026-05-04T18:11:10.846+05:00  INFO 5756 --- [secure-note] [restartedMain] o.s.boot.tomcat.TomcatWebServer          : Tomcat initialized with port 8080 (http)
2026-05-04T18:11:10.848+05:00  INFO 5756 --- [secure-note] [restartedMain] o.apache.catalina.core.StandardService   : Starting service [Tomcat]
2026-05-04T18:11:10.848+05:00  INFO 5756 --- [secure-note] [restartedMain] o.apache.catalina.core.StandardEngine    : Starting Servlet engine: [Apache Tomcat/11.0.21]
2026-05-04T18:11:10.894+05:00  INFO 5756 --- [secure-note] [restartedMain] b.w.c.s.WebApplicationContextInitializer : Root WebApplicationContext: initialization completed in 664 ms
2026-05-04T18:11:10.961+05:00  INFO 5756 --- [secure-note] [restartedMain] o.s.boot.tomcat.TomcatWebServer          : Tomcat started on port 8080 (http) with context path '/'
2026-05-04T18:11:10.971+05:00  INFO 5756 --- [secure-note] [restartedMain] o.e.securenote.SecureNoteApplication     : Started SecureNoteApplication in 0.843 seconds (process running for 516.241)
2026-05-04T18:11:10.972+05:00  INFO 5756 --- [secure-note] [restartedMain] .ConditionEvaluationDeltaLoggingListener : Condition evaluation unchanged
2026-05-04T18:11:12.413+05:00  INFO 5756 --- [secure-note] [File Watcher] rtingClassPathChangeChangedEventListener : Restarting due to 5 class path changes (5 additions, 0 deletions, 0 modifications)
2026-05-04T18:11:12.417+05:00  INFO 5756 --- [secure-note] [Thread-13] o.s.boot.tomcat.GracefulShutdown         : Commencing graceful shutdown. Waiting for active requests to complete
2026-05-04T18:11:12.486+05:00  INFO 5756 --- [secure-note] [tomcat-shutdown] o.s.boot.tomcat.GracefulShutdown         : Graceful shutdown complete
2026-05-04T18:11:12.577+05:00  INFO 5756 --- [secure-note] [restartedMain] o.e.securenote.SecureNoteApplication     : Starting SecureNoteApplication using Java 17.0.17 with PID 5756 (C:\Users\ivaik\OneDrive\Desktop\SecureWebSystemJava\secure-note\target\classes started by ivaik in C:\Users\ivaik\OneDrive\Desktop\SecureWebSystemJava\secure-note)
2026-05-04T18:11:12.577+05:00  INFO 5756 --- [secure-note] [restartedMain] o.e.securenote.SecureNoteApplication     : No active profile set, falling back to 1 default profile: "default"
2026-05-04T18:11:12.825+05:00  INFO 5756 --- [secure-note] [restartedMain] o.s.boot.tomcat.TomcatWebServer          : Tomcat initialized with port 8080 (http)
2026-05-04T18:11:12.827+05:00  INFO 5756 --- [secure-note] [restartedMain] o.apache.catalina.core.StandardService   : Starting service [Tomcat]
2026-05-04T18:11:12.827+05:00  INFO 5756 --- [secure-note] [restartedMain] o.apache.catalina.core.StandardEngine    : Starting Servlet engine: [Apache Tomcat/11.0.21]
2026-05-04T18:11:12.870+05:00  INFO 5756 --- [secure-note] [restartedMain] b.w.c.s.WebApplicationContextInitializer : Root WebApplicationContext: initialization completed in 291 ms
2026-05-04T18:11:12.936+05:00  INFO 5756 --- [secure-note] [restartedMain] o.s.boot.tomcat.TomcatWebServer          : Tomcat started on port 8080 (http) with context path '/'
2026-05-04T18:11:12.937+05:00  INFO 5756 --- [secure-note] [restartedMain] o.e.securenote.SecureNoteApplication     : Started SecureNoteApplication in 0.402 seconds (process running for 518.208)
2026-05-04T18:11:12.939+05:00  INFO 5756 --- [secure-note] [restartedMain] .ConditionEvaluationDeltaLoggingListener : Condition evaluation unchanged
2026-05-04T18:38:08.459+05:00  INFO 5756 --- [secure-note] [File Watcher] rtingClassPathChangeChangedEventListener : Restarting due to 3 class path changes (0 additions, 3 deletions, 0 modifications)
2026-05-04T18:38:08.528+05:00  INFO 5756 --- [secure-note] [Thread-17] o.s.boot.tomcat.GracefulShutdown         : Commencing graceful shutdown. Waiting for active requests to complete
2026-05-04T18:38:08.640+05:00  INFO 5756 --- [secure-note] [tomcat-shutdown] o.s.boot.tomcat.GracefulShutdown         : Graceful shutdown complete
2026-05-04T18:38:14.187+05:00  INFO 5756 --- [secure-note] [restartedMain] o.e.securenote.SecureNoteApplication     : Starting SecureNoteApplication using Java 17.0.17 with PID 5756 (C:\Users\ivaik\OneDrive\Desktop\SecureWebSystemJava\secure-note\target\classes started by ivaik in C:\Users\ivaik\OneDrive\Desktop\SecureWebSystemJava\secure-note)
2026-05-04T18:38:14.188+05:00  INFO 5756 --- [secure-note] [restartedMain] o.e.securenote.SecureNoteApplication     : No active profile set, falling back to 1 default profile: "default"
2026-05-04T18:38:14.287+05:00  INFO 5756 --- [secure-note] [restartedMain] o.s.boot.tomcat.TomcatWebServer          : Tomcat initialized with port 8080 (http)
2026-05-04T18:38:14.287+05:00  INFO 5756 --- [secure-note] [restartedMain] o.apache.catalina.core.StandardService   : Starting service [Tomcat]
2026-05-04T18:38:14.287+05:00  INFO 5756 --- [secure-note] [restartedMain] o.apache.catalina.core.StandardEngine    : Starting Servlet engine: [Apache Tomcat/11.0.21]
2026-05-04T18:38:14.301+05:00  INFO 5756 --- [secure-note] [restartedMain] b.w.c.s.WebApplicationContextInitializer : Root WebApplicationContext: initialization completed in 111 ms
2026-05-04T18:38:14.347+05:00  INFO 5756 --- [secure-note] [restartedMain] o.s.boot.tomcat.TomcatWebServer          : Tomcat started on port 8080 (http) with context path '/'
2026-05-04T18:38:14.348+05:00  INFO 5756 --- [secure-note] [restartedMain] o.e.securenote.SecureNoteApplication     : Started SecureNoteApplication in 0.184 seconds (process running for 2137.63)
2026-05-04T18:38:14.349+05:00  INFO 5756 --- [secure-note] [restartedMain] .ConditionEvaluationDeltaLoggingListener : Condition evaluation unchanged
2026-05-04T18:38:20.036+05:00  INFO 5756 --- [secure-note] [File Watcher] rtingClassPathChangeChangedEventListener : Restarting due to 5 class path changes (2 additions, 0 deletions, 3 modifications)
2026-05-04T18:38:20.059+05:00  INFO 5756 --- [secure-note] [Thread-25] o.s.boot.tomcat.GracefulShutdown         : Commencing graceful shutdown. Waiting for active requests to complete
2026-05-04T18:38:20.118+05:00  INFO 5756 --- [secure-note] [tomcat-shutdown] o.s.boot.tomcat.GracefulShutdown         : Graceful shutdown complete
2026-05-04T18:38:20.329+05:00  INFO 5756 --- [secure-note] [restartedMain] o.e.securenote.SecureNoteApplication     : Starting SecureNoteApplication using Java 17.0.17 with PID 5756 (C:\Users\ivaik\OneDrive\Desktop\SecureWebSystemJava\secure-note\target\classes started by ivaik in C:\Users\ivaik\OneDrive\Desktop\SecureWebSystemJava\secure-note)
2026-05-04T18:38:20.329+05:00  INFO 5756 --- [secure-note] [restartedMain] o.e.securenote.SecureNoteApplication     : No active profile set, falling back to 1 default profile: "default"
2026-05-04T18:38:20.569+05:00  INFO 5756 --- [secure-note] [restartedMain] o.s.boot.tomcat.TomcatWebServer          : Tomcat initialized with port 8080 (http)
2026-05-04T18:38:20.570+05:00  INFO 5756 --- [secure-note] [restartedMain] o.apache.catalina.core.StandardService   : Starting service [Tomcat]
2026-05-04T18:38:20.570+05:00  INFO 5756 --- [secure-note] [restartedMain] o.apache.catalina.core.StandardEngine    : Starting Servlet engine: [Apache Tomcat/11.0.21]
2026-05-04T18:38:20.617+05:00  INFO 5756 --- [secure-note] [restartedMain] b.w.c.s.WebApplicationContextInitializer : Root WebApplicationContext: initialization completed in 285 ms
2026-05-04T18:38:20.799+05:00  INFO 5756 --- [secure-note] [restartedMain] o.s.boot.tomcat.TomcatWebServer          : Tomcat started on port 8080 (http) with context path '/'
2026-05-04T18:38:20.802+05:00  INFO 5756 --- [secure-note] [restartedMain] o.e.securenote.SecureNoteApplication     : Started SecureNoteApplication in 0.523 seconds (process running for 2144.084)
2026-05-04T18:38:20.804+05:00  INFO 5756 --- [secure-note] [restartedMain] .ConditionEvaluationDeltaLoggingListener : Condition evaluation unchanged
2026-05-04T18:38:36.343+05:00  INFO 24384 --- [secure-note] [main] o.e.s.SecureNoteApplicationTests         : Starting SecureNoteApplicationTests using Java 17.0.17 with PID 24384 (started by ivaik in C:\Users\ivaik\OneDrive\Desktop\SecureWebSystemJava\secure-note)
2026-05-04T18:38:36.346+05:00  INFO 24384 --- [secure-note] [main] o.e.s.SecureNoteApplicationTests         : No active profile set, falling back to 1 default profile: "default"
2026-05-04T18:38:41.404+05:00  INFO 24384 --- [secure-note] [main] o.e.s.SecureNoteApplicationTests         : Started SecureNoteApplicationTests in 5.575 seconds (process running for 10.441)
2026-05-04T18:39:26.344+05:00  INFO 5756 --- [secure-note] [SpringApplicationShutdownHook] o.s.boot.tomcat.GracefulShutdown         : Commencing graceful shutdown. Waiting for active requests to complete
2026-05-04T18:39:26.391+05:00  INFO 5756 --- [secure-note] [tomcat-shutdown] o.s.boot.tomcat.GracefulShutdown         : Graceful shutdown complete
2026-05-04T18:40:58.144+05:00  INFO 2940 --- [secure-note] [main] o.e.s.SecureNoteApplicationTests         : Starting SecureNoteApplicationTests using Java 17.0.17 with PID 2940 (started by ivaik in C:\Users\ivaik\OneDrive\Desktop\SecureWebSystemJava\secure-note)
2026-05-04T18:40:58.147+05:00  INFO 2940 --- [secure-note] [main] o.e.s.SecureNoteApplicationTests         : No active profile set, falling back to 1 default profile: "default"
2026-05-04T18:40:59.901+05:00  INFO 2940 --- [secure-note] [main] o.e.s.SecureNoteApplicationTests         : Started SecureNoteApplicationTests in 2.198 seconds (process running for 5.253)
2026-05-04T18:41:47.192+05:00  INFO 5780 --- [secure-note] [main] o.e.s.SecureNoteApplicationTests         : Starting SecureNoteApplicationTests using Java 17.0.17 with PID 5780 (started by ivaik in C:\Users\ivaik\OneDrive\Desktop\SecureWebSystemJava\secure-note)
2026-05-04T18:41:47.195+05:00  INFO 5780 --- [secure-note] [main] o.e.s.SecureNoteApplicationTests         : No active profile set, falling back to 1 default profile: "default"
2026-05-04T18:41:49.719+05:00  INFO 5780 --- [secure-note] [main] o.e.s.SecureNoteApplicationTests         : Started SecureNoteApplicationTests in 3.173 seconds (process running for 4.868)
2026-05-04T18:45:48.405+05:00  INFO 23484 --- [secure-note] [restartedMain] o.e.securenote.SecureNoteApplication     : Starting SecureNoteApplication using Java 17.0.17 with PID 23484 (C:\Users\ivaik\OneDrive\Desktop\SecureWebSystemJava\secure-note\target\classes started by ivaik in C:\Users\ivaik\OneDrive\Desktop\SecureWebSystemJava\secure-note)
2026-05-04T18:45:48.409+05:00  INFO 23484 --- [secure-note] [restartedMain] o.e.securenote.SecureNoteApplication     : No active profile set, falling back to 1 default profile: "default"
2026-05-04T18:45:48.456+05:00  INFO 23484 --- [secure-note] [restartedMain] .e.DevToolsPropertyDefaultsPostProcessor : Devtools property defaults active! Set 'spring.devtools.add-properties' to 'false' to disable
2026-05-04T18:45:48.456+05:00  INFO 23484 --- [secure-note] [restartedMain] .e.DevToolsPropertyDefaultsPostProcessor : For additional web related logging consider setting the 'logging.level.web' property to 'DEBUG'
2026-05-04T18:45:49.206+05:00  INFO 23484 --- [secure-note] [restartedMain] o.s.boot.tomcat.TomcatWebServer          : Tomcat initialized with port 8080 (http)
2026-05-04T18:45:49.217+05:00  INFO 23484 --- [secure-note] [restartedMain] o.apache.catalina.core.StandardService   : Starting service [Tomcat]
2026-05-04T18:45:49.217+05:00  INFO 23484 --- [secure-note] [restartedMain] o.apache.catalina.core.StandardEngine    : Starting Servlet engine: [Apache Tomcat/11.0.21]
2026-05-04T18:45:49.256+05:00  INFO 23484 --- [secure-note] [restartedMain] b.w.c.s.WebApplicationContextInitializer : Root WebApplicationContext: initialization completed in 799 ms
2026-05-04T18:45:49.651+05:00  INFO 23484 --- [secure-note] [restartedMain] o.s.boot.tomcat.TomcatWebServer          : Tomcat started on port 8080 (http) with context path '/'
2026-05-04T18:45:49.659+05:00  INFO 23484 --- [secure-note] [restartedMain] o.e.securenote.SecureNoteApplication     : Started SecureNoteApplication in 1.736 seconds (process running for 2.492)
2026-05-04T18:49:49.273+05:00  INFO 23484 --- [secure-note] [http-nio-8080-exec-2] o.a.c.c.C.[Tomcat].[localhost].[/]       : Initializing Spring DispatcherServlet 'dispatcherServlet'
2026-05-04T18:49:49.277+05:00  INFO 23484 --- [secure-note] [http-nio-8080-exec-2] o.s.web.servlet.DispatcherServlet        : Initializing Servlet 'dispatcherServlet'
2026-05-04T18:49:49.294+05:00  INFO 23484 --- [secure-note] [http-nio-8080-exec-2] o.s.web.servlet.DispatcherServlet        : Completed initialization in 17 ms
2026-05-04T18:49:49.422+05:00  INFO 23484 --- [secure-note] [http-nio-8080-exec-2] o.e.s.controller.NoteController          : Fetching all notes
2026-05-04T18:57:15.111+05:00  INFO 23484 --- [secure-note] [http-nio-8080-exec-5] o.e.s.controller.NoteController          : Fetching all notes
2026-05-04T18:57:31.360+05:00  INFO 23484 --- [secure-note] [http-nio-8080-exec-7] o.e.s.controller.NoteController          : Creating a new note with title: First note
2026-05-04T18:57:48.986+05:00  INFO 23484 --- [secure-note] [http-nio-8080-exec-6] o.e.s.controller.NoteController          : Fetching all notes
2026-05-04T18:57:59.758+05:00  INFO 23484 --- [secure-note] [http-nio-8080-exec-8] o.e.s.controller.NoteController          : Fetching note with id: 1
2026-05-04T18:58:08.902+05:00  INFO 23484 --- [secure-note] [http-nio-8080-exec-9] o.e.s.controller.NoteController          : Deleting note with id: 1
